Arguments: 
  C:\Program Files\nodejs\node.exe C:\Users\kelvi\AppData\Roaming\npm\node_modules\yarn\bin\yarn.js add @nestjs/config]

PATH: 
  C:\Program Files (x86)\Common Files\Oracle\Java\javapath;C:\Windows\system32;C:\Windows;C:\Windows\System32\Wbem;C:\Windows\System32\WindowsPowerShell\v1.0\;C:\Windows\System32\OpenSSH\;C:\Program Files (x86)\NVIDIA Corporation\PhysX\Common;C:\Program Files\Git\cmd;C:\Users\kelvi\AppData\Roaming\nvm;C:\Program Files\nodejs;C:\Program Files\nodejs\;C:\ProgramData\chocolatey\bin;C:\Program Files\GitHub CLI\;C:\MinGW\bin;C:\Program Files\nodejs;C:\Users\kelvi\AppData\Roaming\nvm;C:\Program Files\nodejs;C:\Users\kelvi\AppData\Roaming\npm;C:\Users\kelvi\AppData\Local\Programs\Microsoft VS Code\bin;C:\MinGW\bin;

Yarn version: 
  1.22.19

Node version: 
  16.17.1

Platform: 
  win32 x64

Trace: 
  Error: https://registry.yarnpkg.com/@nestjs%2fconfig]: Not found
      at Request.params.callback [as _callback] (C:\Users\kelvi\AppData\Roaming\npm\node_modules\yarn\lib\cli.js:66145:18)
      at Request.self.callback (C:\Users\kelvi\AppData\Roaming\npm\node_modules\yarn\lib\cli.js:140890:22)
      at Request.emit (node:events:513:28)
      at Request.<anonymous> (C:\Users\kelvi\AppData\Roaming\npm\node_modules\yarn\lib\cli.js:141862:10)
      at Request.emit (node:events:513:28)
      at IncomingMessage.<anonymous> (C:\Users\kelvi\AppData\Roaming\npm\node_modules\yarn\lib\cli.js:141784:12)
      at Object.onceWrapper (node:events:627:28)
      at IncomingMessage.emit (node:events:525:35)
      at endReadableNT (node:internal/streams/readable:1358:12)
      at processTicksAndRejections (node:internal/process/task_queues:83:21)

npm manifest: 
  {
    "name": "projetomxsolucoes",
    "version": "1.0.0",
    "description": "",
    "main": "source/server.ts",
    "scripts": {
      "dev": "nodemon source/server.ts",
      "build": "rm -rf build/ && prettier --write source/ && tsc"
    },
    "keywords": [],
    "author": "",
    "license": "ISC",
    "dependencies": {
      "@types/axios": "^0.14.0",
      "@types/express": "^4.17.14",
      "@types/morgan": "^1.9.3",
      "axios": "^1.1.3",
      "express": "^4.18.2",
      "morgan": "^1.10.0",
      "nodemon": "^2.0.20",
      "ts-node": "^10.9.1",
      "typescript": "^4.8.4"
    }
  }

yarn manifest: 
  No manifest

Lockfile: 
  No lockfile
